[05-Feb-2018 22:54:17 UTC] PHP Parse error:  syntax error, unexpected '}', expecting ',' or ';' in /home/ubuntu/workspace/squevedo/labs/lab2/index.php on line 13
[05-Feb-2018 22:57:12 UTC] PHP Parse error:  syntax error, unexpected 'displaySymbol' (T_STRING) in /home/ubuntu/workspace/squevedo/labs/lab2/index.php on line 17
[26-Feb-2018 23:32:12 UTC] PHP Fatal error:  Call to undefined function checkCategory() in /home/ubuntu/workspace/squevedo/labs/lab4/index.php on line 94
[26-Feb-2018 23:32:12 UTC] PHP Stack trace:
[26-Feb-2018 23:32:12 UTC] PHP   1. {main}() /home/ubuntu/workspace/squevedo/labs/lab4/index.php:0
[26-Feb-2018 23:32:27 UTC] PHP Fatal error:  Call to undefined function checkCategory() in /home/ubuntu/workspace/squevedo/labs/lab4/index.php on line 94
[26-Feb-2018 23:32:27 UTC] PHP Stack trace:
[26-Feb-2018 23:32:27 UTC] PHP   1. {main}() /home/ubuntu/workspace/squevedo/labs/lab4/index.php:0
[26-Feb-2018 23:32:39 UTC] PHP Fatal error:  Call to undefined function checkCategory() in /home/ubuntu/workspace/squevedo/labs/lab4/index.php on line 94
[26-Feb-2018 23:32:39 UTC] PHP Stack trace:
[26-Feb-2018 23:32:39 UTC] PHP   1. {main}() /home/ubuntu/workspace/squevedo/labs/lab4/index.php:0
[26-Feb-2018 23:32:43 UTC] PHP Fatal error:  Call to undefined function checkCategory() in /home/ubuntu/workspace/squevedo/labs/lab4/index.php on line 94
[26-Feb-2018 23:32:43 UTC] PHP Stack trace:
[26-Feb-2018 23:32:43 UTC] PHP   1. {main}() /home/ubuntu/workspace/squevedo/labs/lab4/index.php:0
[26-Feb-2018 23:33:11 UTC] PHP Fatal error:  Call to undefined function checkCategory() in /home/ubuntu/workspace/squevedo/labs/lab4/index.php on line 94
[26-Feb-2018 23:33:11 UTC] PHP Stack trace:
[26-Feb-2018 23:33:11 UTC] PHP   1. {main}() /home/ubuntu/workspace/squevedo/labs/lab4/index.php:0
[26-Feb-2018 23:34:08 UTC] PHP Fatal error:  Call to undefined function checkCategory() in /home/ubuntu/workspace/squevedo/labs/lab4/index.php on line 94
[26-Feb-2018 23:34:08 UTC] PHP Stack trace:
[26-Feb-2018 23:34:08 UTC] PHP   1. {main}() /home/ubuntu/workspace/squevedo/labs/lab4/index.php:0
[26-Feb-2018 23:34:20 UTC] PHP Fatal error:  Call to undefined function checkCategory() in /home/ubuntu/workspace/squevedo/labs/lab4/index.php on line 94
[26-Feb-2018 23:34:20 UTC] PHP Stack trace:
[26-Feb-2018 23:34:20 UTC] PHP   1. {main}() /home/ubuntu/workspace/squevedo/labs/lab4/index.php:0
[26-Feb-2018 23:34:28 UTC] PHP Fatal error:  Call to undefined function checkCategory() in /home/ubuntu/workspace/squevedo/labs/lab4/index.php on line 94
[26-Feb-2018 23:34:28 UTC] PHP Stack trace:
[26-Feb-2018 23:34:28 UTC] PHP   1. {main}() /home/ubuntu/workspace/squevedo/labs/lab4/index.php:0
[26-Feb-2018 23:34:45 UTC] PHP Fatal error:  Call to undefined function checkCategory() in /home/ubuntu/workspace/squevedo/labs/lab4/index.php on line 94
[26-Feb-2018 23:34:45 UTC] PHP Stack trace:
[26-Feb-2018 23:34:45 UTC] PHP   1. {main}() /home/ubuntu/workspace/squevedo/labs/lab4/index.php:0
[26-Feb-2018 23:35:22 UTC] PHP Fatal error:  Call to undefined function checkCategory() in /home/ubuntu/workspace/squevedo/labs/lab4/index.php on line 94
[26-Feb-2018 23:35:22 UTC] PHP Stack trace:
[26-Feb-2018 23:35:22 UTC] PHP   1. {main}() /home/ubuntu/workspace/squevedo/labs/lab4/index.php:0
[26-Feb-2018 23:35:48 UTC] PHP Fatal error:  Call to undefined function checkCategory() in /home/ubuntu/workspace/squevedo/labs/lab4/index.php on line 94
[26-Feb-2018 23:35:48 UTC] PHP Stack trace:
[26-Feb-2018 23:35:48 UTC] PHP   1. {main}() /home/ubuntu/workspace/squevedo/labs/lab4/index.php:0
[26-Feb-2018 23:38:56 UTC] PHP Fatal error:  Call to undefined function checkCategory() in /home/ubuntu/workspace/squevedo/labs/lab4/index.php on line 94
[26-Feb-2018 23:38:56 UTC] PHP Stack trace:
[26-Feb-2018 23:38:56 UTC] PHP   1. {main}() /home/ubuntu/workspace/squevedo/labs/lab4/index.php:0
[26-Feb-2018 23:39:48 UTC] PHP Fatal error:  Call to undefined function checkCategory() in /home/ubuntu/workspace/squevedo/labs/lab4/index.php on line 94
[26-Feb-2018 23:39:48 UTC] PHP Stack trace:
[26-Feb-2018 23:39:48 UTC] PHP   1. {main}() /home/ubuntu/workspace/squevedo/labs/lab4/index.php:0
[28-Feb-2018 22:05:46 UTC] PHP Parse error:  syntax error, unexpected '<<' (T_SL) in /home/ubuntu/workspace/squevedo/labs/lab3/functions.php on line 29
[28-Feb-2018 22:05:46 UTC] PHP Stack trace:
[28-Feb-2018 22:05:46 UTC] PHP   1. {main}() /home/ubuntu/workspace/squevedo/labs/lab3/index.php:0
[28-Feb-2018 22:05:50 UTC] PHP Parse error:  syntax error, unexpected '<<' (T_SL) in /home/ubuntu/workspace/squevedo/labs/lab3/functions.php on line 29
[28-Feb-2018 22:05:50 UTC] PHP Stack trace:
[28-Feb-2018 22:05:50 UTC] PHP   1. {main}() /home/ubuntu/workspace/squevedo/labs/lab3/index.php:0
[28-Feb-2018 22:05:51 UTC] PHP Parse error:  syntax error, unexpected '<<' (T_SL) in /home/ubuntu/workspace/squevedo/labs/lab3/functions.php on line 29
[28-Feb-2018 22:05:51 UTC] PHP Stack trace:
[28-Feb-2018 22:05:51 UTC] PHP   1. {main}() /home/ubuntu/workspace/squevedo/labs/lab3/index.php:0
[28-Feb-2018 22:08:40 UTC] PHP Parse error:  syntax error, unexpected '<<' (T_SL) in /home/ubuntu/workspace/squevedo/labs/lab3/functions.php on line 29
[28-Feb-2018 22:08:40 UTC] PHP Stack trace:
[28-Feb-2018 22:08:40 UTC] PHP   1. {main}() /home/ubuntu/workspace/squevedo/labs/lab3/index.php:0
[04-Mar-2018 06:17:38 UTC] PHP Warning:  max(): Array must contain at least one element in /home/ubuntu/workspace/squevedo/labs/lab3/functions.php on line 113
[04-Mar-2018 06:17:38 UTC] PHP Stack trace:
[04-Mar-2018 06:17:38 UTC] PHP   1. {main}() /home/ubuntu/workspace/squevedo/labs/lab3/index.php:0
[04-Mar-2018 06:17:38 UTC] PHP   2. play() /home/ubuntu/workspace/squevedo/labs/lab3/index.php:15
[04-Mar-2018 06:17:38 UTC] PHP   3. getHand() /home/ubuntu/workspace/squevedo/labs/lab3/functions.php:20
[04-Mar-2018 06:17:38 UTC] PHP   4. displayHands() /home/ubuntu/workspace/squevedo/labs/lab3/functions.php:42
[04-Mar-2018 06:17:38 UTC] PHP   5. displayWinner() /home/ubuntu/workspace/squevedo/labs/lab3/functions.php:92
[04-Mar-2018 06:17:38 UTC] PHP   6. max() /home/ubuntu/workspace/squevedo/labs/lab3/functions.php:113
[06-Mar-2018 23:22:53 UTC] PHP Warning:  include(umapi.php): failed to open stream: No such file or directory in /home/ubuntu/workspace/squevedo/labs/lab5/index.php on line 5
[06-Mar-2018 23:22:53 UTC] PHP Stack trace:
[06-Mar-2018 23:22:53 UTC] PHP   1. {main}() /home/ubuntu/workspace/squevedo/labs/lab5/index.php:0
[06-Mar-2018 23:22:53 UTC] PHP Warning:  include(): Failed opening 'umapi.php' for inclusion (include_path='.:/usr/share/php:/usr/share/pear') in /home/ubuntu/workspace/squevedo/labs/lab5/index.php on line 5
[06-Mar-2018 23:22:53 UTC] PHP Stack trace:
[06-Mar-2018 23:22:53 UTC] PHP   1. {main}() /home/ubuntu/workspace/squevedo/labs/lab5/index.php:0
[06-Mar-2018 23:22:53 UTC] PHP Fatal error:  Call to undefined function getProducts() in /home/ubuntu/workspace/squevedo/labs/lab5/index.php on line 6
[06-Mar-2018 23:22:53 UTC] PHP Stack trace:
[06-Mar-2018 23:22:53 UTC] PHP   1. {main}() /home/ubuntu/workspace/squevedo/labs/lab5/index.php:0
[06-Mar-2018 23:24:40 UTC] PHP Warning:  include(umapi.php): failed to open stream: No such file or directory in /home/ubuntu/workspace/squevedo/labs/lab5/index.php on line 5
[06-Mar-2018 23:24:40 UTC] PHP Stack trace:
[06-Mar-2018 23:24:40 UTC] PHP   1. {main}() /home/ubuntu/workspace/squevedo/labs/lab5/index.php:0
[06-Mar-2018 23:24:40 UTC] PHP Warning:  include(): Failed opening 'umapi.php' for inclusion (include_path='.:/usr/share/php:/usr/share/pear') in /home/ubuntu/workspace/squevedo/labs/lab5/index.php on line 5
[06-Mar-2018 23:24:40 UTC] PHP Stack trace:
[06-Mar-2018 23:24:40 UTC] PHP   1. {main}() /home/ubuntu/workspace/squevedo/labs/lab5/index.php:0
[06-Mar-2018 23:24:40 UTC] PHP Fatal error:  Call to undefined function getProducts() in /home/ubuntu/workspace/squevedo/labs/lab5/index.php on line 6
[06-Mar-2018 23:24:40 UTC] PHP Stack trace:
[06-Mar-2018 23:24:40 UTC] PHP   1. {main}() /home/ubuntu/workspace/squevedo/labs/lab5/index.php:0
[06-Mar-2018 23:24:46 UTC] PHP Warning:  include(umapi.php): failed to open stream: No such file or directory in /home/ubuntu/workspace/squevedo/labs/lab5/index.php on line 5
[06-Mar-2018 23:24:46 UTC] PHP Stack trace:
[06-Mar-2018 23:24:46 UTC] PHP   1. {main}() /home/ubuntu/workspace/squevedo/labs/lab5/index.php:0
[06-Mar-2018 23:24:46 UTC] PHP Warning:  include(): Failed opening 'umapi.php' for inclusion (include_path='.:/usr/share/php:/usr/share/pear') in /home/ubuntu/workspace/squevedo/labs/lab5/index.php on line 5
[06-Mar-2018 23:24:46 UTC] PHP Stack trace:
[06-Mar-2018 23:24:46 UTC] PHP   1. {main}() /home/ubuntu/workspace/squevedo/labs/lab5/index.php:0
[06-Mar-2018 23:24:46 UTC] PHP Fatal error:  Call to undefined function getProducts() in /home/ubuntu/workspace/squevedo/labs/lab5/index.php on line 6
[06-Mar-2018 23:24:46 UTC] PHP Stack trace:
[06-Mar-2018 23:24:46 UTC] PHP   1. {main}() /home/ubuntu/workspace/squevedo/labs/lab5/index.php:0
[12-Mar-2018 22:08:32 UTC] PHP Fatal error:  Uncaught exception 'PDOException' with message 'SQLSTATE[42000]: Syntax error or access violation: 1064 You have an error in your SQL syntax; check the manual that corresponds to your MySQL server version for the right syntax to use near ''om_category' ORDER by catName' at line 1' in /home/ubuntu/workspace/squevedo/labs/lab6/index.php:20
Stack trace:
#0 /home/ubuntu/workspace/squevedo/labs/lab6/index.php(20): PDOStatement->execute()
#1 /home/ubuntu/workspace/squevedo/labs/lab6/index.php(26): displayCategories()
#2 {main}
  thrown in /home/ubuntu/workspace/squevedo/labs/lab6/index.php on line 20
