[07-Feb-2018 23:37:04 UTC] PHP Parse error:  syntax error, unexpected '<' in /home/ubuntu/workspace/squevedo/challenges/challenge2/playingcards.php on line 69
[07-Feb-2018 23:37:05 UTC] PHP Parse error:  syntax error, unexpected '<' in /home/ubuntu/workspace/squevedo/challenges/challenge2/playingcards.php on line 69
[07-Feb-2018 23:42:57 UTC] PHP Parse error:  syntax error, unexpected end of file in /home/ubuntu/workspace/squevedo/challenges/challenge2/playingcards.php on line 85
[07-Feb-2018 23:43:29 UTC] PHP Parse error:  syntax error, unexpected end of file in /home/ubuntu/workspace/squevedo/challenges/challenge2/playingcards.php on line 85
[07-Feb-2018 23:43:29 UTC] PHP Parse error:  syntax error, unexpected end of file in /home/ubuntu/workspace/squevedo/challenges/challenge2/playingcards.php on line 85
[07-Feb-2018 23:43:30 UTC] PHP Parse error:  syntax error, unexpected end of file in /home/ubuntu/workspace/squevedo/challenges/challenge2/playingcards.php on line 85
[07-Feb-2018 23:43:30 UTC] PHP Parse error:  syntax error, unexpected end of file in /home/ubuntu/workspace/squevedo/challenges/challenge2/playingcards.php on line 85
[12-Feb-2018 23:11:58 UTC] PHP Parse error:  syntax error, unexpected '[' in /home/ubuntu/workspace/squevedo/challenges/challenge2/cards_lab.php on line 24
[12-Feb-2018 23:12:30 UTC] PHP Parse error:  syntax error, unexpected '[' in /home/ubuntu/workspace/squevedo/challenges/challenge2/cards_lab.php on line 24
[12-Feb-2018 23:12:31 UTC] PHP Parse error:  syntax error, unexpected '[' in /home/ubuntu/workspace/squevedo/challenges/challenge2/cards_lab.php on line 24
[12-Feb-2018 23:12:31 UTC] PHP Parse error:  syntax error, unexpected '[' in /home/ubuntu/workspace/squevedo/challenges/challenge2/cards_lab.php on line 24
[12-Feb-2018 23:12:31 UTC] PHP Parse error:  syntax error, unexpected '[' in /home/ubuntu/workspace/squevedo/challenges/challenge2/cards_lab.php on line 24
[12-Feb-2018 23:12:51 UTC] PHP Fatal error:  Unsupported operand types in /home/ubuntu/workspace/squevedo/challenges/challenge2/cards_lab.php on line 18
[12-Feb-2018 23:12:51 UTC] PHP Stack trace:
[12-Feb-2018 23:12:51 UTC] PHP   1. {main}() /home/ubuntu/workspace/squevedo/challenges/challenge2/cards_lab.php:0
[12-Feb-2018 23:12:52 UTC] PHP Fatal error:  Unsupported operand types in /home/ubuntu/workspace/squevedo/challenges/challenge2/cards_lab.php on line 18
[12-Feb-2018 23:12:52 UTC] PHP Stack trace:
[12-Feb-2018 23:12:52 UTC] PHP   1. {main}() /home/ubuntu/workspace/squevedo/challenges/challenge2/cards_lab.php:0
[12-Feb-2018 23:12:53 UTC] PHP Fatal error:  Unsupported operand types in /home/ubuntu/workspace/squevedo/challenges/challenge2/cards_lab.php on line 18
[12-Feb-2018 23:12:53 UTC] PHP Stack trace:
[12-Feb-2018 23:12:53 UTC] PHP   1. {main}() /home/ubuntu/workspace/squevedo/challenges/challenge2/cards_lab.php:0
[12-Feb-2018 23:12:53 UTC] PHP Fatal error:  Unsupported operand types in /home/ubuntu/workspace/squevedo/challenges/challenge2/cards_lab.php on line 18
[12-Feb-2018 23:12:53 UTC] PHP Stack trace:
[12-Feb-2018 23:12:53 UTC] PHP   1. {main}() /home/ubuntu/workspace/squevedo/challenges/challenge2/cards_lab.php:0
[12-Feb-2018 23:12:54 UTC] PHP Fatal error:  Unsupported operand types in /home/ubuntu/workspace/squevedo/challenges/challenge2/cards_lab.php on line 18
[12-Feb-2018 23:12:54 UTC] PHP Stack trace:
[12-Feb-2018 23:12:54 UTC] PHP   1. {main}() /home/ubuntu/workspace/squevedo/challenges/challenge2/cards_lab.php:0
[12-Feb-2018 23:12:54 UTC] PHP Fatal error:  Unsupported operand types in /home/ubuntu/workspace/squevedo/challenges/challenge2/cards_lab.php on line 18
[12-Feb-2018 23:12:54 UTC] PHP Stack trace:
[12-Feb-2018 23:12:54 UTC] PHP   1. {main}() /home/ubuntu/workspace/squevedo/challenges/challenge2/cards_lab.php:0
[12-Feb-2018 23:12:54 UTC] PHP Fatal error:  Unsupported operand types in /home/ubuntu/workspace/squevedo/challenges/challenge2/cards_lab.php on line 18
[12-Feb-2018 23:12:54 UTC] PHP Stack trace:
[12-Feb-2018 23:12:54 UTC] PHP   1. {main}() /home/ubuntu/workspace/squevedo/challenges/challenge2/cards_lab.php:0
[12-Feb-2018 23:12:54 UTC] PHP Fatal error:  Unsupported operand types in /home/ubuntu/workspace/squevedo/challenges/challenge2/cards_lab.php on line 18
[12-Feb-2018 23:12:54 UTC] PHP Stack trace:
[12-Feb-2018 23:12:54 UTC] PHP   1. {main}() /home/ubuntu/workspace/squevedo/challenges/challenge2/cards_lab.php:0
[12-Feb-2018 23:13:25 UTC] PHP Fatal error:  Unsupported operand types in /home/ubuntu/workspace/squevedo/challenges/challenge2/cards_lab.php on line 18
[12-Feb-2018 23:13:25 UTC] PHP Stack trace:
[12-Feb-2018 23:13:25 UTC] PHP   1. {main}() /home/ubuntu/workspace/squevedo/challenges/challenge2/cards_lab.php:0
[12-Feb-2018 23:13:26 UTC] PHP Fatal error:  Unsupported operand types in /home/ubuntu/workspace/squevedo/challenges/challenge2/cards_lab.php on line 18
[12-Feb-2018 23:13:26 UTC] PHP Stack trace:
[12-Feb-2018 23:13:26 UTC] PHP   1. {main}() /home/ubuntu/workspace/squevedo/challenges/challenge2/cards_lab.php:0
[12-Feb-2018 23:13:26 UTC] PHP Fatal error:  Unsupported operand types in /home/ubuntu/workspace/squevedo/challenges/challenge2/cards_lab.php on line 18
[12-Feb-2018 23:13:26 UTC] PHP Stack trace:
[12-Feb-2018 23:13:26 UTC] PHP   1. {main}() /home/ubuntu/workspace/squevedo/challenges/challenge2/cards_lab.php:0
[12-Feb-2018 23:13:27 UTC] PHP Fatal error:  Unsupported operand types in /home/ubuntu/workspace/squevedo/challenges/challenge2/cards_lab.php on line 18
[12-Feb-2018 23:13:27 UTC] PHP Stack trace:
[12-Feb-2018 23:13:27 UTC] PHP   1. {main}() /home/ubuntu/workspace/squevedo/challenges/challenge2/cards_lab.php:0
[12-Feb-2018 23:13:27 UTC] PHP Fatal error:  Unsupported operand types in /home/ubuntu/workspace/squevedo/challenges/challenge2/cards_lab.php on line 18
[12-Feb-2018 23:13:27 UTC] PHP Stack trace:
[12-Feb-2018 23:13:27 UTC] PHP   1. {main}() /home/ubuntu/workspace/squevedo/challenges/challenge2/cards_lab.php:0
[12-Feb-2018 23:14:20 UTC] PHP Fatal error:  Unsupported operand types in /home/ubuntu/workspace/squevedo/challenges/challenge2/cards_lab.php on line 18
[12-Feb-2018 23:14:20 UTC] PHP Stack trace:
[12-Feb-2018 23:14:20 UTC] PHP   1. {main}() /home/ubuntu/workspace/squevedo/challenges/challenge2/cards_lab.php:0
[12-Feb-2018 23:14:20 UTC] PHP Fatal error:  Unsupported operand types in /home/ubuntu/workspace/squevedo/challenges/challenge2/cards_lab.php on line 18
[12-Feb-2018 23:14:20 UTC] PHP Stack trace:
[12-Feb-2018 23:14:20 UTC] PHP   1. {main}() /home/ubuntu/workspace/squevedo/challenges/challenge2/cards_lab.php:0
[12-Feb-2018 23:14:21 UTC] PHP Fatal error:  Unsupported operand types in /home/ubuntu/workspace/squevedo/challenges/challenge2/cards_lab.php on line 18
[12-Feb-2018 23:14:21 UTC] PHP Stack trace:
[12-Feb-2018 23:14:21 UTC] PHP   1. {main}() /home/ubuntu/workspace/squevedo/challenges/challenge2/cards_lab.php:0
[19-Feb-2018 23:50:09 UTC] PHP Fatal error:  Call to undefined function createTable() in /home/ubuntu/workspace/squevedo/challenges/challenge4/passwordgenerator.php on line 67
[19-Feb-2018 23:50:09 UTC] PHP Stack trace:
[19-Feb-2018 23:50:09 UTC] PHP   1. {main}() /home/ubuntu/workspace/squevedo/challenges/challenge4/passwordgenerator.php:0
